<?xml version="1.0" encoding="UTF-8"?>
<testsuite name="com.shieldrj.schoolperiod.ScheduleEngineTest" tests="4" skipped="0" failures="0" errors="0" timestamp="2026-08-30T06:56:49.942Z" hostname="ROBERTTHINKPAD" time="0.022">
  <properties/>
  <testcase name="testWeekendStatus" classname="com.shieldrj.schoolperiod.ScheduleEngineTest" time="0.017"/>
  <testcase name="testScheduleTypeResolution" classname="com.shieldrj.schoolperiod.ScheduleEngineTest" time="0.0"/>
  <testcase name="testFridayScheduleProgression" classname="com.shieldrj.schoolperiod.ScheduleEngineTest" time="0.003"/>
  <testcase name="testMondayRegularScheduleProgression" classname="com.shieldrj.schoolperiod.ScheduleEngineTest" time="0.001"/>
  <system-out><![CDATA[]]></system-out>
  <system-err><![CDATA[]]></system-err>
</testsuite>
